TN:
SF:lib\aggregators.js
FN:5,computeAirlineStatsData
FN:25,(anonymous_1)
FN:91,(anonymous_2)
FN:92,(anonymous_3)
FN:103,(anonymous_4)
FN:104,(anonymous_5)
FN:120,computeSquawkTransitionsDataByTimeRange
FN:131,(anonymous_7)
FN:148,(anonymous_8)
FN:149,(anonymous_9)
FN:150,(anonymous_10)
FN:248,(anonymous_11)
FN:260,computeSquawkTransitionsData
FN:268,(anonymous_13)
FN:269,(anonymous_14)
FN:270,(anonymous_15)
FN:280,(anonymous_16)
FN:281,(anonymous_17)
FN:321,(anonymous_18)
FN:325,(anonymous_19)
FN:337,computeHistoricalStatsData
FN:371,getFileTimestamp
FN:380,(anonymous_22)
FN:381,(anonymous_23)
FN:385,(anonymous_24)
FN:386,(anonymous_25)
FN:446,(anonymous_26)
FN:447,(anonymous_27)
FN:456,(anonymous_28)
FN:460,(anonymous_29)
FN:460,(anonymous_30)
FN:462,(anonymous_31)
FN:463,(anonymous_32)
FN:464,(anonymous_33)
FN:475,remakeHourlyRollup
FN:478,(anonymous_35)
FN:493,(anonymous_36)
FNF:37
FNH:0
FNDA:0,computeAirlineStatsData
FNDA:0,(anonymous_1)
FNDA:0,(anonymous_2)
FNDA:0,(anonymous_3)
FNDA:0,(anonymous_4)
FNDA:0,(anonymous_5)
FNDA:0,computeSquawkTransitionsDataByTimeRange
FNDA:0,(anonymous_7)
FNDA:0,(anonymous_8)
FNDA:0,(anonymous_9)
FNDA:0,(anonymous_10)
FNDA:0,(anonymous_11)
FNDA:0,computeSquawkTransitionsData
FNDA:0,(anonymous_13)
FNDA:0,(anonymous_14)
FNDA:0,(anonymous_15)
FNDA:0,(anonymous_16)
FNDA:0,(anonymous_17)
FNDA:0,(anonymous_18)
FNDA:0,(anonymous_19)
FNDA:0,computeHistoricalStatsData
FNDA:0,getFileTimestamp
FNDA:0,(anonymous_22)
FNDA:0,(anonymous_23)
FNDA:0,(anonymous_24)
FNDA:0,(anonymous_25)
FNDA:0,(anonymous_26)
FNDA:0,(anonymous_27)
FNDA:0,(anonymous_28)
FNDA:0,(anonymous_29)
FNDA:0,(anonymous_30)
FNDA:0,(anonymous_31)
FNDA:0,(anonymous_32)
FNDA:0,(anonymous_33)
FNDA:0,remakeHourlyRollup
FNDA:0,(anonymous_35)
FNDA:0,(anonymous_36)
DA:1,1
DA:2,1
DA:3,1
DA:6,0
DA:7,0
DA:8,0
DA:9,0
DA:10,0
DA:11,0
DA:13,0
DA:14,0
DA:16,0
DA:21,0
DA:22,0
DA:23,0
DA:25,0
DA:26,0
DA:29,0
DA:30,0
DA:31,0
DA:32,0
DA:33,0
DA:34,0
DA:35,0
DA:37,0
DA:38,0
DA:40,0
DA:41,0
DA:43,0
DA:44,0
DA:46,0
DA:47,0
DA:48,0
DA:50,0
DA:51,0
DA:52,0
DA:53,0
DA:54,0
DA:55,0
DA:57,0
DA:58,0
DA:60,0
DA:61,0
DA:63,0
DA:64,0
DA:65,0
DA:66,0
DA:67,0
DA:68,0
DA:71,0
DA:72,0
DA:73,0
DA:74,0
DA:75,0
DA:76,0
DA:81,0
DA:82,0
DA:86,0
DA:87,0
DA:89,0
DA:90,0
DA:91,0
DA:92,0
DA:94,0
DA:104,0
DA:105,0
DA:107,0
DA:112,0
DA:114,0
DA:115,0
DA:121,0
DA:122,0
DA:123,0
DA:125,0
DA:128,0
DA:131,0
DA:132,0
DA:133,0
DA:134,0
DA:135,0
DA:136,0
DA:137,0
DA:138,0
DA:139,0
DA:140,0
DA:144,0
DA:147,0
DA:148,0
DA:149,0
DA:150,0
DA:152,0
DA:154,0
DA:155,0
DA:157,0
DA:158,0
DA:159,0
DA:160,0
DA:161,0
DA:163,0
DA:165,0
DA:166,0
DA:167,0
DA:168,0
DA:169,0
DA:170,0
DA:171,0
DA:174,0
DA:176,0
DA:179,0
DA:182,0
DA:183,0
DA:184,0
DA:185,0
DA:189,0
DA:191,0
DA:192,0
DA:196,0
DA:198,0
DA:199,0
DA:203,0
DA:205,0
DA:206,0
DA:207,0
DA:208,0
DA:209,0
DA:210,0
DA:214,0
DA:215,0
DA:234,0
DA:238,0
DA:239,0
DA:240,0
DA:243,0
DA:244,0
DA:245,0
DA:248,0
DA:250,0
DA:255,0
DA:256,0
DA:261,0
DA:262,0
DA:263,0
DA:264,0
DA:266,0
DA:267,0
DA:268,0
DA:269,0
DA:270,0
DA:272,0
DA:274,0
DA:277,0
DA:278,0
DA:279,0
DA:280,0
DA:281,0
DA:282,0
DA:283,0
DA:286,0
DA:287,0
DA:288,0
DA:289,0
DA:290,0
DA:291,0
DA:292,0
DA:293,0
DA:294,0
DA:295,0
DA:296,0
DA:297,0
DA:298,0
DA:301,0
DA:302,0
DA:304,0
DA:305,0
DA:306,0
DA:308,0
DA:310,0
DA:311,0
DA:312,0
DA:315,0
DA:319,0
DA:321,0
DA:325,0
DA:327,0
DA:332,0
DA:333,0
DA:338,0
DA:339,0
DA:340,0
DA:341,0
DA:342,0
DA:344,0
DA:346,0
DA:358,0
DA:359,0
DA:361,0
DA:362,0
DA:364,0
DA:367,0
DA:368,0
DA:372,0
DA:373,0
DA:374,0
DA:376,0
DA:379,0
DA:380,0
DA:382,0
DA:383,0
DA:385,0
DA:386,0
DA:388,0
DA:390,0
DA:391,0
DA:392,0
DA:393,0
DA:394,0
DA:396,0
DA:397,0
DA:398,0
DA:399,0
DA:400,0
DA:402,0
DA:403,0
DA:404,0
DA:405,0
DA:406,0
DA:407,0
DA:408,0
DA:409,0
DA:410,0
DA:414,0
DA:415,0
DA:416,0
DA:417,0
DA:419,0
DA:420,0
DA:422,0
DA:423,0
DA:424,0
DA:425,0
DA:426,0
DA:427,0
DA:428,0
DA:431,0
DA:432,0
DA:433,0
DA:434,0
DA:435,0
DA:437,0
DA:440,0
DA:444,0
DA:445,0
DA:446,0
DA:447,0
DA:448,0
DA:449,0
DA:450,0
DA:451,0
DA:452,0
DA:455,0
DA:456,0
DA:457,0
DA:460,0
DA:461,0
DA:462,0
DA:463,0
DA:464,0
DA:465,0
DA:467,0
DA:469,0
DA:470,0
DA:477,0
DA:478,0
DA:480,0
DA:481,0
DA:482,0
DA:483,0
DA:484,0
DA:485,0
DA:488,0
DA:489,0
DA:490,0
DA:491,0
DA:492,0
DA:493,0
DA:497,0
DA:498,0
DA:500,0
DA:501,0
DA:504,0
DA:505,0
DA:508,1
LF:292
LH:4
BRDA:5,0,0,0
BRDA:8,1,0,0
BRDA:8,1,1,0
BRDA:10,2,0,0
BRDA:10,2,1,0
BRDA:25,3,0,0
BRDA:25,3,1,0
BRDA:26,4,0,0
BRDA:26,4,1,0
BRDA:26,4,2,0
BRDA:41,5,0,0
BRDA:41,5,1,0
BRDA:41,6,0,0
BRDA:41,6,1,0
BRDA:44,7,0,0
BRDA:44,7,1,0
BRDA:47,8,0,0
BRDA:47,8,1,0
BRDA:51,9,0,0
BRDA:51,9,1,0
BRDA:53,10,0,0
BRDA:53,10,1,0
BRDA:53,11,0,0
BRDA:53,11,1,0
BRDA:55,12,0,0
BRDA:55,12,1,0
BRDA:55,13,0,0
BRDA:55,13,1,0
BRDA:57,14,0,0
BRDA:57,14,1,0
BRDA:63,15,0,0
BRDA:63,15,1,0
BRDA:64,16,0,0
BRDA:64,16,1,0
BRDA:65,17,0,0
BRDA:65,17,1,0
BRDA:67,18,0,0
BRDA:67,18,1,0
BRDA:71,19,0,0
BRDA:71,19,1,0
BRDA:72,20,0,0
BRDA:72,20,1,0
BRDA:73,21,0,0
BRDA:73,21,1,0
BRDA:75,22,0,0
BRDA:75,22,1,0
BRDA:75,23,0,0
BRDA:75,23,1,0
BRDA:76,24,0,0
BRDA:76,24,1,0
BRDA:76,25,0,0
BRDA:76,25,1,0
BRDA:89,26,0,0
BRDA:89,26,1,0
BRDA:90,27,0,0
BRDA:90,27,1,0
BRDA:91,28,0,0
BRDA:91,28,1,0
BRDA:91,29,0,0
BRDA:91,29,1,0
BRDA:92,30,0,0
BRDA:92,30,1,0
BRDA:92,31,0,0
BRDA:92,31,1,0
BRDA:101,32,0,0
BRDA:101,32,1,0
BRDA:101,33,0,0
BRDA:101,33,1,0
BRDA:102,34,0,0
BRDA:102,34,1,0
BRDA:103,35,0,0
BRDA:103,35,1,0
BRDA:104,36,0,0
BRDA:104,36,1,0
BRDA:107,37,0,0
BRDA:107,37,1,0
BRDA:107,38,0,0
BRDA:107,38,1,0
BRDA:120,39,0,0
BRDA:133,40,0,0
BRDA:133,40,1,0
BRDA:148,41,0,0
BRDA:148,41,1,0
BRDA:149,42,0,0
BRDA:149,42,1,0
BRDA:149,42,2,0
BRDA:159,43,0,0
BRDA:159,43,1,0
BRDA:166,44,0,0
BRDA:166,44,1,0
BRDA:167,45,0,0
BRDA:167,45,1,0
BRDA:168,46,0,0
BRDA:168,46,1,0
BRDA:168,46,2,0
BRDA:169,47,0,0
BRDA:169,47,1,0
BRDA:169,47,2,0
BRDA:170,48,0,0
BRDA:170,48,1,0
BRDA:170,48,2,0
BRDA:170,48,3,0
BRDA:171,49,0,0
BRDA:171,49,1,0
BRDA:171,49,2,0
BRDA:171,49,3,0
BRDA:174,50,0,0
BRDA:174,50,1,0
BRDA:176,51,0,0
BRDA:176,51,1,0
BRDA:176,52,0,0
BRDA:176,52,1,0
BRDA:182,53,0,0
BRDA:182,53,1,0
BRDA:182,54,0,0
BRDA:182,54,1,0
BRDA:189,55,0,0
BRDA:189,55,1,0
BRDA:189,56,0,0
BRDA:189,56,1,0
BRDA:189,56,2,0
BRDA:196,57,0,0
BRDA:196,57,1,0
BRDA:203,58,0,0
BRDA:203,58,1,0
BRDA:203,59,0,0
BRDA:203,59,1,0
BRDA:207,60,0,0
BRDA:207,60,1,0
BRDA:207,61,0,0
BRDA:207,61,1,0
BRDA:209,62,0,0
BRDA:209,62,1,0
BRDA:210,63,0,0
BRDA:210,63,1,0
BRDA:210,63,2,0
BRDA:214,64,0,0
BRDA:214,64,1,0
BRDA:217,65,0,0
BRDA:217,65,1,0
BRDA:220,66,0,0
BRDA:220,66,1,0
BRDA:221,67,0,0
BRDA:221,67,1,0
BRDA:222,68,0,0
BRDA:222,68,1,0
BRDA:244,69,0,0
BRDA:244,69,1,0
BRDA:260,70,0,0
BRDA:260,71,0,0
BRDA:267,72,0,0
BRDA:267,72,1,0
BRDA:268,73,0,0
BRDA:268,73,1,0
BRDA:277,74,0,0
BRDA:277,74,1,0
BRDA:279,75,0,0
BRDA:279,75,1,0
BRDA:280,76,0,0
BRDA:280,76,1,0
BRDA:288,77,0,0
BRDA:288,77,1,0
BRDA:292,78,0,0
BRDA:292,78,1,0
BRDA:293,79,0,0
BRDA:293,79,1,0
BRDA:294,80,0,0
BRDA:294,80,1,0
BRDA:294,80,2,0
BRDA:295,81,0,0
BRDA:295,81,1,0
BRDA:295,81,2,0
BRDA:296,82,0,0
BRDA:296,82,1,0
BRDA:296,82,2,0
BRDA:296,82,3,0
BRDA:297,83,0,0
BRDA:297,83,1,0
BRDA:297,83,2,0
BRDA:297,83,3,0
BRDA:298,84,0,0
BRDA:298,84,1,0
BRDA:298,85,0,0
BRDA:298,85,1,0
BRDA:301,86,0,0
BRDA:301,86,1,0
BRDA:301,87,0,0
BRDA:301,87,1,0
BRDA:302,88,0,0
BRDA:302,88,1,0
BRDA:302,88,2,0
BRDA:302,88,3,0
BRDA:304,89,0,0
BRDA:304,89,1,0
BRDA:306,90,0,0
BRDA:306,90,1,0
BRDA:306,91,0,0
BRDA:306,91,1,0
BRDA:310,92,0,0
BRDA:310,92,1,0
BRDA:311,93,0,0
BRDA:311,93,1,0
BRDA:311,94,0,0
BRDA:311,94,1,0
BRDA:311,95,0,0
BRDA:311,95,1,0
BRDA:325,96,0,0
BRDA:325,96,1,0
BRDA:337,97,0,0
BRDA:337,98,0,0
BRDA:337,99,0,0
BRDA:337,100,0,0
BRDA:337,101,0,0
BRDA:340,102,0,0
BRDA:340,102,1,0
BRDA:342,103,0,0
BRDA:342,103,1,0
BRDA:359,104,0,0
BRDA:359,104,1,0
BRDA:359,105,0,0
BRDA:359,105,1,0
BRDA:362,106,0,0
BRDA:362,106,1,0
BRDA:362,107,0,0
BRDA:362,107,1,0
BRDA:373,108,0,0
BRDA:373,108,1,0
BRDA:379,109,0,0
BRDA:379,109,1,0
BRDA:380,110,0,0
BRDA:380,110,1,0
BRDA:385,111,0,0
BRDA:385,111,1,0
BRDA:385,111,2,0
BRDA:393,112,0,0
BRDA:393,112,1,0
BRDA:397,113,0,0
BRDA:397,113,1,0
BRDA:398,114,0,0
BRDA:398,114,1,0
BRDA:399,115,0,0
BRDA:399,115,1,0
BRDA:399,115,2,0
BRDA:400,116,0,0
BRDA:400,116,1,0
BRDA:400,117,0,0
BRDA:400,117,1,0
BRDA:400,118,0,0
BRDA:400,118,1,0
BRDA:404,119,0,0
BRDA:404,119,1,0
BRDA:407,120,0,0
BRDA:407,120,1,0
BRDA:409,121,0,0
BRDA:409,121,1,0
BRDA:409,122,0,0
BRDA:409,122,1,0
BRDA:409,123,0,0
BRDA:409,123,1,0
BRDA:409,124,0,0
BRDA:409,124,1,0
BRDA:409,125,0,0
BRDA:409,125,1,0
BRDA:415,126,0,0
BRDA:415,126,1,0
BRDA:417,127,0,0
BRDA:417,127,1,0
BRDA:417,128,0,0
BRDA:417,128,1,0
BRDA:419,129,0,0
BRDA:419,129,1,0
BRDA:419,130,0,0
BRDA:419,130,1,0
BRDA:420,131,0,0
BRDA:420,131,1,0
BRDA:420,132,0,0
BRDA:420,132,1,0
BRDA:422,133,0,0
BRDA:422,133,1,0
BRDA:422,134,0,0
BRDA:422,134,1,0
BRDA:428,135,0,0
BRDA:428,135,1,0
BRDA:431,136,0,0
BRDA:431,136,1,0
BRDA:431,137,0,0
BRDA:431,137,1,0
BRDA:431,137,2,0
BRDA:433,138,0,0
BRDA:433,138,1,0
BRDA:433,139,0,0
BRDA:433,139,1,0
BRDA:433,140,0,0
BRDA:433,140,1,0
BRDA:433,141,0,0
BRDA:433,141,1,0
BRDA:434,142,0,0
BRDA:434,142,1,0
BRDA:434,143,0,0
BRDA:434,143,1,0
BRDA:435,144,0,0
BRDA:435,144,1,0
BRDA:435,145,0,0
BRDA:435,145,1,0
BRDA:435,146,0,0
BRDA:435,146,1,0
BRDA:435,147,0,0
BRDA:435,147,1,0
BRDA:435,148,0,0
BRDA:435,148,1,0
BRDA:435,149,0,0
BRDA:435,149,1,0
BRDA:437,150,0,0
BRDA:437,150,1,0
BRDA:444,151,0,0
BRDA:444,151,1,0
BRDA:446,152,0,0
BRDA:446,152,1,0
BRDA:446,153,0,0
BRDA:446,153,1,0
BRDA:448,154,0,0
BRDA:448,154,1,0
BRDA:448,155,0,0
BRDA:448,155,1,0
BRDA:449,156,0,0
BRDA:449,156,1,0
BRDA:449,157,0,0
BRDA:449,157,1,0
BRDA:449,158,0,0
BRDA:449,158,1,0
BRDA:450,159,0,0
BRDA:450,159,1,0
BRDA:450,160,0,0
BRDA:450,160,1,0
BRDA:451,161,0,0
BRDA:451,161,1,0
BRDA:451,162,0,0
BRDA:451,162,1,0
BRDA:452,163,0,0
BRDA:452,163,1,0
BRDA:452,164,0,0
BRDA:452,164,1,0
BRDA:452,165,0,0
BRDA:452,165,1,0
BRDA:455,166,0,0
BRDA:455,166,1,0
BRDA:456,167,0,0
BRDA:456,167,1,0
BRDA:457,168,0,0
BRDA:457,168,1,0
BRDA:475,169,0,0
BRDA:478,170,0,0
BRDA:478,170,1,0
BRDA:478,171,0,0
BRDA:478,171,1,0
BRDA:484,172,0,0
BRDA:484,172,1,0
BRDA:492,173,0,0
BRDA:492,173,1,0
BRDA:493,174,0,0
BRDA:493,174,1,0
BRDA:504,175,0,0
BRDA:504,175,1,0
BRF:363
BRH:0
end_of_record
TN:
SF:lib\aircraft-database.js
FN:12,(anonymous_0)
FN:22,(anonymous_1)
FN:64,(anonymous_2)
FN:84,(anonymous_3)
FN:95,(anonymous_4)
FN:106,(anonymous_5)
FN:117,(anonymous_6)
FN:127,(anonymous_7)
FN:145,(anonymous_8)
FNF:9
FNH:4
FNDA:2,(anonymous_0)
FNDA:2,(anonymous_1)
FNDA:5,(anonymous_2)
FNDA:0,(anonymous_3)
FNDA:0,(anonymous_4)
FNDA:0,(anonymous_5)
FNDA:0,(anonymous_6)
FNDA:3,(anonymous_7)
FNDA:0,(anonymous_8)
DA:7,2
DA:8,2
DA:9,2
DA:13,2
DA:14,2
DA:15,2
DA:16,2
DA:23,2
DA:24,0
DA:27,2
DA:28,2
DA:30,2
DA:31,0
DA:32,0
DA:33,0
DA:34,0
DA:35,0
DA:38,2
DA:39,2
DA:40,2
DA:42,2
DA:43,2
DA:44,2
DA:46,2
DA:48,2
DA:49,2
DA:52,0
DA:53,0
DA:54,0
DA:65,5
DA:66,1
DA:69,5
DA:70,3
DA:74,2
DA:75,2
DA:85,0
DA:86,0
DA:96,0
DA:97,0
DA:107,0
DA:108,0
DA:118,0
DA:119,0
DA:128,3
DA:129,1
DA:132,3
DA:146,0
DA:151,2
DA:155,2
LF:49
LH:31
BRDA:23,0,0,0
BRDA:23,0,1,2
BRDA:30,1,0,0
BRDA:30,1,1,2
BRDA:42,2,0,2
BRDA:42,2,1,0
BRDA:43,3,0,2
BRDA:43,3,1,0
BRDA:46,4,0,2
BRDA:46,4,1,0
BRDA:48,5,0,2
BRDA:48,5,1,0
BRDA:65,6,0,1
BRDA:65,6,1,4
BRDA:69,7,0,3
BRDA:69,7,1,2
BRDA:75,8,0,2
BRDA:75,8,1,2
BRDA:86,9,0,0
BRDA:86,9,1,0
BRDA:97,10,0,0
BRDA:97,10,1,0
BRDA:108,11,0,0
BRDA:108,11,1,0
BRDA:119,12,0,0
BRDA:119,12,1,0
BRDA:128,13,0,1
BRDA:128,13,1,2
BRDA:135,14,0,3
BRDA:135,14,1,0
BRDA:136,15,0,3
BRDA:136,15,1,0
BRDA:146,16,0,0
BRDA:146,16,1,0
BRF:34
BRH:16
end_of_record
TN:
SF:lib\aircraft-types-db.js
FN:16,(anonymous_0)
FN:26,(anonymous_1)
FN:68,(anonymous_2)
FN:88,(anonymous_3)
FN:99,(anonymous_4)
FN:110,(anonymous_5)
FN:121,(anonymous_6)
FN:132,(anonymous_7)
FN:142,(anonymous_8)
FN:160,(anonymous_9)
FN:170,(anonymous_10)
FN:190,(anonymous_11)
FNF:12
FNH:4
FNDA:2,(anonymous_0)
FNDA:2,(anonymous_1)
FNDA:5,(anonymous_2)
FNDA:0,(anonymous_3)
FNDA:0,(anonymous_4)
FNDA:0,(anonymous_5)
FNDA:0,(anonymous_6)
FNDA:0,(anonymous_7)
FNDA:3,(anonymous_8)
FNDA:0,(anonymous_9)
FNDA:0,(anonymous_10)
FNDA:0,(anonymous_11)
DA:11,2
DA:12,2
DA:13,2
DA:17,2
DA:18,2
DA:19,2
DA:20,2
DA:27,2
DA:28,0
DA:31,2
DA:32,2
DA:34,2
DA:35,0
DA:36,0
DA:37,0
DA:38,0
DA:39,0
DA:42,2
DA:43,2
DA:44,2
DA:46,2
DA:47,2
DA:48,2
DA:50,2
DA:52,2
DA:53,2
DA:56,0
DA:57,0
DA:58,0
DA:69,5
DA:70,0
DA:73,5
DA:74,3
DA:78,2
DA:79,2
DA:89,0
DA:90,0
DA:100,0
DA:101,0
DA:111,0
DA:112,0
DA:122,0
DA:123,0
DA:133,0
DA:134,0
DA:143,3
DA:144,2
DA:147,3
DA:161,0
DA:171,0
DA:172,0
DA:175,0
DA:176,0
DA:177,0
DA:178,0
DA:181,0
DA:191,0
DA:192,0
DA:195,0
DA:196,0
DA:197,0
DA:198,0
DA:201,0
DA:206,2
DA:210,2
LF:65
LH:30
BRDA:27,0,0,0
BRDA:27,0,1,2
BRDA:34,1,0,0
BRDA:34,1,1,2
BRDA:46,2,0,2
BRDA:46,2,1,0
BRDA:47,3,0,2
BRDA:47,3,1,0
BRDA:52,4,0,2
BRDA:52,4,1,0
BRDA:69,5,0,0
BRDA:69,5,1,5
BRDA:73,6,0,3
BRDA:73,6,1,2
BRDA:79,7,0,2
BRDA:79,7,1,1
BRDA:90,8,0,0
BRDA:90,8,1,0
BRDA:101,9,0,0
BRDA:101,9,1,0
BRDA:112,10,0,0
BRDA:112,10,1,0
BRDA:123,11,0,0
BRDA:123,11,1,0
BRDA:134,12,0,0
BRDA:134,12,1,0
BRDA:143,13,0,2
BRDA:143,13,1,1
BRDA:150,14,0,3
BRDA:150,14,1,0
BRDA:151,15,0,3
BRDA:151,15,1,0
BRDA:161,16,0,0
BRDA:161,16,1,0
BRDA:171,17,0,0
BRDA:171,17,1,0
BRDA:177,18,0,0
BRDA:177,18,1,0
BRDA:177,19,0,0
BRDA:177,19,1,0
BRDA:191,20,0,0
BRDA:191,20,1,0
BRDA:197,21,0,0
BRDA:197,21,1,0
BRDA:197,22,0,0
BRDA:197,22,1,0
BRF:46
BRH:14
end_of_record
TN:
SF:lib\airline-aggregator.js
FN:7,createAggregator
FN:26,refresh
FN:90,computeStatsNow
FN:133,(anonymous_3)
FN:134,(anonymous_4)
FNF:5
FNH:0
FNDA:0,createAggregator
FNDA:0,refresh
FNDA:0,computeStatsNow
FNDA:0,(anonymous_3)
FNDA:0,(anonymous_4)
DA:1,0
DA:9,0
DA:11,0
DA:20,0
DA:23,0
DA:24,0
DA:27,0
DA:28,0
DA:29,0
DA:32,0
DA:33,0
DA:35,0
DA:36,0
DA:37,0
DA:39,0
DA:40,0
DA:44,0
DA:45,0
DA:46,0
DA:47,0
DA:48,0
DA:49,0
DA:52,0
DA:53,0
DA:54,0
DA:55,0
DA:56,0
DA:59,0
DA:61,0
DA:62,0
DA:65,0
DA:66,0
DA:67,0
DA:68,0
DA:69,0
DA:70,0
DA:71,0
DA:74,0
DA:77,0
DA:79,0
DA:85,0
DA:86,0
DA:91,0
DA:92,0
DA:93,0
DA:95,0
DA:96,0
DA:97,0
DA:100,0
DA:101,0
DA:102,0
DA:104,0
DA:105,0
DA:106,0
DA:107,0
DA:108,0
DA:110,0
DA:111,0
DA:117,0
DA:118,0
DA:119,0
DA:120,0
DA:121,0
DA:122,0
DA:124,0
DA:126,0
DA:127,0
DA:130,0
DA:133,0
DA:134,0
DA:138,0
LF:71
LH:0
BRDA:28,0,0,0
BRDA:28,0,1,0
BRDA:37,1,0,0
BRDA:37,1,1,0
BRDA:46,2,0,0
BRDA:46,2,1,0
BRDA:46,3,0,0
BRDA:46,3,1,0
BRDA:48,4,0,0
BRDA:48,4,1,0
BRDA:49,5,0,0
BRDA:49,5,1,0
BRDA:54,6,0,0
BRDA:54,6,1,0
BRDA:55,7,0,0
BRDA:55,7,1,0
BRDA:55,7,2,0
BRDA:55,7,3,0
BRDA:55,7,4,0
BRDA:56,8,0,0
BRDA:56,8,1,0
BRDA:56,8,2,0
BRDA:56,8,3,0
BRDA:59,9,0,0
BRDA:59,9,1,0
BRDA:59,10,0,0
BRDA:59,10,1,0
BRDA:66,11,0,0
BRDA:66,11,1,0
BRDA:66,11,2,0
BRDA:66,11,3,0
BRDA:66,11,4,0
BRDA:66,11,5,0
BRDA:66,11,6,0
BRDA:67,12,0,0
BRDA:67,12,1,0
BRDA:68,13,0,0
BRDA:68,13,1,0
BRDA:69,14,0,0
BRDA:69,14,1,0
BRDA:71,15,0,0
BRDA:71,15,1,0
BRDA:86,16,0,0
BRDA:86,16,1,0
BRDA:97,17,0,0
BRDA:97,17,1,0
BRDA:102,18,0,0
BRDA:102,18,1,0
BRDA:106,19,0,0
BRDA:106,19,1,0
BRDA:107,20,0,0
BRDA:107,20,1,0
BRDA:108,21,0,0
BRDA:108,21,1,0
BRDA:111,22,0,0
BRDA:111,22,1,0
BRDA:121,23,0,0
BRDA:121,23,1,0
BRDA:121,24,0,0
BRDA:121,24,1,0
BRDA:121,25,0,0
BRDA:121,25,1,0
BRDA:122,26,0,0
BRDA:122,26,1,0
BRF:64
BRH:0
end_of_record
TN:
SF:lib\api-routes.js
FN:8,setupApiRoutes
FN:11,(anonymous_1)
FN:48,(anonymous_2)
FN:70,(anonymous_3)
FN:111,(anonymous_4)
FN:119,(anonymous_5)
FN:129,(anonymous_6)
FN:147,(anonymous_7)
FN:254,(anonymous_8)
FN:295,(anonymous_9)
FN:315,(anonymous_10)
FN:322,makeFlightKey
FN:396,(anonymous_12)
FN:418,(anonymous_13)
FN:484,(anonymous_14)
FN:499,(anonymous_15)
FN:500,(anonymous_16)
FN:510,(anonymous_17)
FN:578,(anonymous_18)
FN:644,(anonymous_19)
FN:672,(anonymous_20)
FN:688,(anonymous_21)
FN:695,(anonymous_22)
FN:710,(anonymous_23)
FN:715,(anonymous_24)
FN:754,(anonymous_25)
FN:763,(anonymous_26)
FN:884,(anonymous_27)
FN:895,(anonymous_28)
FN:913,(anonymous_29)
FN:936,(anonymous_30)
FN:947,(anonymous_31)
FN:975,(anonymous_32)
FNF:33
FNH:3
FNDA:3,setupApiRoutes
FNDA:0,(anonymous_1)
FNDA:0,(anonymous_2)
FNDA:0,(anonymous_3)
FNDA:0,(anonymous_4)
FNDA:0,(anonymous_5)
FNDA:0,(anonymous_6)
FNDA:0,(anonymous_7)
FNDA:0,(anonymous_8)
FNDA:0,(anonymous_9)
FNDA:0,(anonymous_10)
FNDA:0,makeFlightKey
FNDA:0,(anonymous_12)
FNDA:0,(anonymous_13)
FNDA:0,(anonymous_14)
FNDA:0,(anonymous_15)
FNDA:0,(anonymous_16)
FNDA:0,(anonymous_17)
FNDA:0,(anonymous_18)
FNDA:0,(anonymous_19)
FNDA:0,(anonymous_20)
FNDA:0,(anonymous_21)
FNDA:0,(anonymous_22)
FNDA:0,(anonymous_23)
FNDA:0,(anonymous_24)
FNDA:1,(anonymous_25)
FNDA:1,(anonymous_26)
FNDA:0,(anonymous_27)
FNDA:0,(anonymous_28)
FNDA:0,(anonymous_29)
FNDA:0,(anonymous_30)
FNDA:0,(anonymous_31)
FNDA:0,(anonymous_32)
DA:1,1
DA:2,1
DA:3,1
DA:4,1
DA:5,1
DA:6,1
DA:11,3
DA:12,0
DA:13,0
DA:14,0
DA:16,0
DA:18,0
DA:19,0
DA:21,0
DA:22,0
DA:24,0
DA:25,0
DA:26,0
DA:28,0
DA:29,0
DA:37,0
DA:40,0
DA:42,0
DA:43,0
DA:48,3
DA:49,0
DA:50,0
DA:53,0
DA:54,0
DA:58,0
DA:60,0
DA:61,0
DA:64,0
DA:65,0
DA:66,0
DA:70,0
DA:73,0
DA:74,0
DA:75,0
DA:76,0
DA:77,0
DA:87,0
DA:88,0
DA:89,0
DA:90,0
DA:95,0
DA:97,0
DA:98,0
DA:99,0
DA:100,0
DA:101,0
DA:102,0
DA:103,0
DA:110,0
DA:111,0
DA:119,0
DA:121,0
DA:123,0
DA:124,0
DA:129,3
DA:130,0
DA:131,0
DA:134,0
DA:135,0
DA:136,0
DA:139,0
DA:140,0
DA:143,0
DA:144,0
DA:145,0
DA:146,0
DA:147,0
DA:148,0
DA:151,0
DA:152,0
DA:154,0
DA:155,0
DA:156,0
DA:157,0
DA:158,0
DA:159,0
DA:160,0
DA:162,0
DA:163,0
DA:165,0
DA:166,0
DA:167,0
DA:168,0
DA:171,0
DA:178,0
DA:179,0
DA:187,0
DA:190,0
DA:192,0
DA:196,0
DA:197,0
DA:198,0
DA:199,0
DA:203,0
DA:204,0
DA:207,0
DA:208,0
DA:210,0
DA:220,0
DA:221,0
DA:222,0
DA:223,0
DA:226,0
DA:228,0
DA:229,0
DA:234,0
DA:235,0
DA:236,0
DA:240,0
DA:241,0
DA:242,0
DA:243,0
DA:244,0
DA:247,0
DA:250,0
DA:253,0
DA:254,0
DA:255,0
DA:256,0
DA:257,0
DA:258,0
DA:259,0
DA:260,0
DA:261,0
DA:262,0
DA:263,0
DA:265,0
DA:266,0
DA:267,0
DA:269,0
DA:270,0
DA:271,0
DA:274,0
DA:282,0
DA:284,0
DA:295,3
DA:296,0
DA:297,0
DA:298,0
DA:299,0
DA:300,0
DA:301,0
DA:302,0
DA:304,0
DA:307,0
DA:310,0
DA:311,0
DA:312,0
DA:313,0
DA:314,0
DA:315,0
DA:316,0
DA:319,0
DA:320,0
DA:323,0
DA:324,0
DA:325,0
DA:326,0
DA:327,0
DA:328,0
DA:330,0
DA:331,0
DA:332,0
DA:333,0
DA:334,0
DA:335,0
DA:336,0
DA:338,0
DA:339,0
DA:341,0
DA:342,0
DA:343,0
DA:347,0
DA:349,0
DA:350,0
DA:351,0
DA:352,0
DA:353,0
DA:354,0
DA:356,0
DA:357,0
DA:360,0
DA:361,0
DA:362,0
DA:363,0
DA:364,0
DA:366,0
DA:367,0
DA:370,0
DA:371,0
DA:377,0
DA:378,0
DA:379,0
DA:380,0
DA:381,0
DA:382,0
DA:383,0
DA:390,0
DA:391,0
DA:392,0
DA:395,0
DA:396,0
DA:397,0
DA:399,0
DA:400,0
DA:401,0
DA:405,0
DA:406,0
DA:407,0
DA:408,0
DA:411,0
DA:412,0
DA:413,0
DA:414,0
DA:415,0
DA:417,0
DA:418,0
DA:419,0
DA:428,0
DA:432,0
DA:433,0
DA:434,0
DA:436,0
DA:437,0
DA:439,0
DA:441,0
DA:442,0
DA:443,0
DA:445,0
DA:446,0
DA:447,0
DA:448,0
DA:449,0
DA:451,0
DA:455,0
DA:456,0
DA:457,0
DA:460,0
DA:461,0
DA:462,0
DA:463,0
DA:464,0
DA:465,0
DA:467,0
DA:468,0
DA:470,0
DA:471,0
DA:475,0
DA:476,0
DA:478,0
DA:479,0
DA:480,0
DA:481,0
DA:482,0
DA:483,0
DA:484,0
DA:485,0
DA:491,0
DA:492,0
DA:499,0
DA:500,0
DA:502,0
DA:504,0
DA:505,0
DA:510,3
DA:511,0
DA:512,0
DA:513,0
DA:514,0
DA:515,0
DA:516,0
DA:517,0
DA:520,0
DA:521,0
DA:522,0
DA:525,0
DA:528,0
DA:529,0
DA:530,0
DA:533,0
DA:534,0
DA:535,0
DA:536,0
DA:541,0
DA:542,0
DA:543,0
DA:544,0
DA:546,0
DA:547,0
DA:553,0
DA:554,0
DA:555,0
DA:560,0
DA:566,0
DA:567,0
DA:568,0
DA:570,0
DA:572,0
DA:573,0
DA:578,3
DA:579,0
DA:582,0
DA:585,0
DA:586,0
DA:587,0
DA:588,0
DA:590,0
DA:592,0
DA:593,0
DA:594,0
DA:598,0
DA:599,0
DA:600,0
DA:601,0
DA:603,0
DA:606,0
DA:607,0
DA:608,0
DA:610,0
DA:611,0
DA:612,0
DA:613,0
DA:614,0
DA:615,0
DA:616,0
DA:620,0
DA:621,0
DA:622,0
DA:626,0
DA:627,0
DA:628,0
DA:629,0
DA:631,0
DA:634,0
DA:636,0
DA:644,3
DA:645,0
DA:646,0
DA:647,0
DA:648,0
DA:649,0
DA:652,0
DA:653,0
DA:654,0
DA:655,0
DA:658,0
DA:659,0
DA:661,0
DA:662,0
DA:663,0
DA:664,0
DA:665,0
DA:669,0
DA:670,0
DA:673,0
DA:674,0
DA:677,0
DA:680,0
DA:682,0
DA:683,0
DA:688,3
DA:689,0
DA:692,0
DA:693,0
DA:695,0
DA:696,0
DA:699,0
DA:707,0
DA:710,0
DA:715,3
DA:716,0
DA:717,0
DA:719,0
DA:720,0
DA:721,0
DA:723,0
DA:724,0
DA:725,0
DA:731,0
DA:738,0
DA:739,0
DA:740,0
DA:741,0
DA:742,0
DA:744,0
DA:754,3
DA:755,1
DA:763,3
DA:764,1
DA:765,1
DA:766,1
DA:767,1
DA:770,1
DA:771,1
DA:772,1
DA:773,1
DA:774,1
DA:775,1
DA:776,1
DA:778,1
DA:779,1
DA:780,1
DA:781,5782
DA:782,5782
DA:783,5782
DA:785,5782
DA:786,111
DA:787,111
DA:788,29
DA:791,5671
DA:792,5671
DA:793,2880
DA:799,5782
DA:800,6
DA:801,6
DA:802,6
DA:806,1
DA:810,1
DA:811,1
DA:812,1
DA:813,0
DA:815,1
DA:818,1
DA:876,1
DA:878,0
DA:879,0
DA:884,3
DA:885,0
DA:886,0
DA:887,0
DA:889,0
DA:890,0
DA:895,3
DA:896,0
DA:897,0
DA:898,0
DA:907,0
DA:908,0
DA:913,3
DA:914,0
DA:915,0
DA:916,0
DA:918,0
DA:919,0
DA:925,0
DA:930,0
DA:931,0
DA:936,3
DA:937,0
DA:938,0
DA:939,0
DA:941,0
DA:942,0
DA:947,3
DA:948,0
DA:949,0
DA:951,0
DA:952,0
DA:955,0
DA:956,0
DA:957,0
DA:958,0
DA:959,0
DA:963,0
DA:969,0
DA:970,0
DA:975,3
DA:976,0
DA:978,0
DA:979,0
DA:980,0
DA:982,0
DA:984,0
DA:985,0
DA:988,0
DA:989,0
DA:993,0
DA:994,0
DA:997,0
DA:999,0
DA:1000,0
DA:1001,0
DA:1003,0
DA:1004,0
DA:1005,0
DA:1006,0
DA:1009,0
DA:1010,0
DA:1011,0
DA:1012,0
DA:1014,0
DA:1018,0
DA:1022,0
DA:1023,0
DA:1024,0
DA:1028,0
DA:1031,0
DA:1032,0
DA:1033,0
DA:1037,0
DA:1041,0
DA:1042,0
DA:1043,0
DA:1045,0
DA:1048,0
DA:1051,0
DA:1052,0
DA:1053,0
DA:1056,0
DA:1060,0
DA:1066,1
LF:516
LH:60
BRDA:8,0,0,0
BRDA:8,1,0,0
BRDA:13,2,0,0
BRDA:13,2,1,0
BRDA:14,3,0,0
BRDA:14,3,1,0
BRDA:14,3,2,0
BRDA:22,4,0,0
BRDA:22,4,1,0
BRDA:22,5,0,0
BRDA:22,5,1,0
BRDA:22,5,2,0
BRDA:22,5,3,0
BRDA:28,6,0,0
BRDA:28,6,1,0
BRDA:50,7,0,0
BRDA:50,7,1,0
BRDA:53,8,0,0
BRDA:53,8,1,0
BRDA:54,9,0,0
BRDA:54,9,1,0
BRDA:58,10,0,0
BRDA:58,10,1,0
BRDA:58,11,0,0
BRDA:58,11,1,0
BRDA:64,12,0,0
BRDA:64,12,1,0
BRDA:70,13,0,0
BRDA:70,13,1,0
BRDA:70,13,2,0
BRDA:76,14,0,0
BRDA:76,14,1,0
BRDA:88,15,0,0
BRDA:88,15,1,0
BRDA:89,16,0,0
BRDA:89,16,1,0
BRDA:89,17,0,0
BRDA:89,17,1,0
BRDA:90,18,0,0
BRDA:90,18,1,0
BRDA:90,19,0,0
BRDA:90,19,1,0
BRDA:100,20,0,0
BRDA:100,20,1,0
BRDA:102,21,0,0
BRDA:102,21,1,0
BRDA:103,22,0,0
BRDA:103,22,1,0
BRDA:103,23,0,0
BRDA:103,23,1,0
BRDA:117,24,0,0
BRDA:117,24,1,0
BRDA:131,25,0,0
BRDA:131,25,1,0
BRDA:134,26,0,0
BRDA:134,26,1,0
BRDA:145,27,0,0
BRDA:145,27,1,0
BRDA:147,28,0,0
BRDA:147,28,1,0
BRDA:148,29,0,0
BRDA:148,29,1,0
BRDA:148,29,2,0
BRDA:166,30,0,0
BRDA:166,30,1,0
BRDA:166,31,0,0
BRDA:166,31,1,0
BRDA:166,31,2,0
BRDA:168,32,0,0
BRDA:168,32,1,0
BRDA:174,33,0,0
BRDA:174,33,1,0
BRDA:178,34,0,0
BRDA:178,34,1,0
BRDA:178,35,0,0
BRDA:178,35,1,0
BRDA:182,36,0,0
BRDA:182,36,1,0
BRDA:196,37,0,0
BRDA:196,37,1,0
BRDA:198,38,0,0
BRDA:198,38,1,0
BRDA:207,39,0,0
BRDA:207,39,1,0
BRDA:207,40,0,0
BRDA:207,40,1,0
BRDA:220,41,0,0
BRDA:220,41,1,0
BRDA:228,42,0,0
BRDA:228,42,1,0
BRDA:228,43,0,0
BRDA:228,43,1,0
BRDA:234,44,0,0
BRDA:234,44,1,0
BRDA:235,45,0,0
BRDA:235,45,1,0
BRDA:235,46,0,0
BRDA:235,46,1,0
BRDA:266,47,0,0
BRDA:266,47,1,0
BRDA:297,48,0,0
BRDA:297,48,1,0
BRDA:299,49,0,0
BRDA:299,49,1,0
BRDA:301,50,0,0
BRDA:301,50,1,0
BRDA:312,51,0,0
BRDA:312,51,1,0
BRDA:315,52,0,0
BRDA:315,52,1,0
BRDA:316,53,0,0
BRDA:316,53,1,0
BRDA:316,53,2,0
BRDA:323,54,0,0
BRDA:323,54,1,0
BRDA:323,54,2,0
BRDA:324,55,0,0
BRDA:324,55,1,0
BRDA:325,56,0,0
BRDA:325,56,1,0
BRDA:325,56,2,0
BRDA:326,57,0,0
BRDA:326,57,1,0
BRDA:326,57,2,0
BRDA:327,58,0,0
BRDA:327,58,1,0
BRDA:347,59,0,0
BRDA:347,59,1,0
BRDA:347,60,0,0
BRDA:347,60,1,0
BRDA:349,61,0,0
BRDA:349,61,1,0
BRDA:352,62,0,0
BRDA:352,62,1,0
BRDA:352,63,0,0
BRDA:352,63,1,0
BRDA:354,64,0,0
BRDA:354,64,1,0
BRDA:354,65,0,0
BRDA:354,65,1,0
BRDA:360,66,0,0
BRDA:360,66,1,0
BRDA:360,67,0,0
BRDA:360,67,1,0
BRDA:360,67,2,0
BRDA:360,67,3,0
BRDA:360,67,4,0
BRDA:362,68,0,0
BRDA:362,68,1,0
BRDA:363,69,0,0
BRDA:363,69,1,0
BRDA:363,70,0,0
BRDA:363,70,1,0
BRDA:364,71,0,0
BRDA:364,71,1,0
BRDA:366,72,0,0
BRDA:366,72,1,0
BRDA:366,73,0,0
BRDA:366,73,1,0
BRDA:367,74,0,0
BRDA:367,74,1,0
BRDA:370,75,0,0
BRDA:370,75,1,0
BRDA:370,76,0,0
BRDA:370,76,1,0
BRDA:377,77,0,0
BRDA:377,77,1,0
BRDA:377,78,0,0
BRDA:377,78,1,0
BRDA:379,79,0,0
BRDA:379,79,1,0
BRDA:382,80,0,0
BRDA:382,80,1,0
BRDA:390,81,0,0
BRDA:390,81,1,0
BRDA:390,82,0,0
BRDA:390,82,1,0
BRDA:392,83,0,0
BRDA:392,83,1,0
BRDA:395,84,0,0
BRDA:395,84,1,0
BRDA:395,85,0,0
BRDA:395,85,1,0
BRDA:399,86,0,0
BRDA:399,86,1,0
BRDA:406,87,0,0
BRDA:406,87,1,0
BRDA:413,88,0,0
BRDA:413,88,1,0
BRDA:413,89,0,0
BRDA:413,89,1,0
BRDA:414,90,0,0
BRDA:414,90,1,0
BRDA:414,91,0,0
BRDA:414,91,1,0
BRDA:415,92,0,0
BRDA:415,92,1,0
BRDA:419,93,0,0
BRDA:419,93,1,0
BRDA:432,94,0,0
BRDA:432,94,1,0
BRDA:441,95,0,0
BRDA:441,95,1,0
BRDA:446,96,0,0
BRDA:446,96,1,0
BRDA:448,97,0,0
BRDA:448,97,1,0
BRDA:455,98,0,0
BRDA:455,98,1,0
BRDA:457,99,0,0
BRDA:457,99,1,0
BRDA:461,100,0,0
BRDA:461,100,1,0
BRDA:461,101,0,0
BRDA:461,101,1,0
BRDA:461,101,2,0
BRDA:461,101,3,0
BRDA:461,101,4,0
BRDA:463,102,0,0
BRDA:463,102,1,0
BRDA:464,103,0,0
BRDA:464,103,1,0
BRDA:464,104,0,0
BRDA:464,104,1,0
BRDA:465,105,0,0
BRDA:465,105,1,0
BRDA:467,106,0,0
BRDA:467,106,1,0
BRDA:467,107,0,0
BRDA:467,107,1,0
BRDA:468,108,0,0
BRDA:468,108,1,0
BRDA:470,109,0,0
BRDA:470,109,1,0
BRDA:470,110,0,0
BRDA:470,110,1,0
BRDA:476,111,0,0
BRDA:476,111,1,0
BRDA:480,112,0,0
BRDA:480,112,1,0
BRDA:480,113,0,0
BRDA:480,113,1,0
BRDA:481,114,0,0
BRDA:481,114,1,0
BRDA:481,115,0,0
BRDA:481,115,1,0
BRDA:482,116,0,0
BRDA:482,116,1,0
BRDA:485,117,0,0
BRDA:485,117,1,0
BRDA:512,118,0,0
BRDA:512,118,1,0
BRDA:514,119,0,0
BRDA:514,119,1,0
BRDA:516,120,0,0
BRDA:516,120,1,0
BRDA:521,121,0,0
BRDA:521,121,1,0
BRDA:521,122,0,0
BRDA:521,122,1,0
BRDA:529,123,0,0
BRDA:529,123,1,0
BRDA:534,124,0,0
BRDA:534,124,1,0
BRDA:535,125,0,0
BRDA:535,125,1,0
BRDA:543,126,0,0
BRDA:543,126,1,0
BRDA:543,127,0,0
BRDA:543,127,1,0
BRDA:546,128,0,0
BRDA:546,128,1,0
BRDA:553,129,0,0
BRDA:553,129,1,0
BRDA:554,130,0,0
BRDA:554,130,1,0
BRDA:554,131,0,0
BRDA:554,131,1,0
BRDA:562,132,0,0
BRDA:562,132,1,0
BRDA:566,133,0,0
BRDA:566,133,1,0
BRDA:585,134,0,0
BRDA:585,134,1,0
BRDA:585,135,0,0
BRDA:585,135,1,0
BRDA:593,136,0,0
BRDA:593,136,1,0
BRDA:593,137,0,0
BRDA:593,137,1,0
BRDA:599,138,0,0
BRDA:599,138,1,0
BRDA:610,139,0,0
BRDA:610,139,1,0
BRDA:612,140,0,0
BRDA:612,140,1,0
BRDA:613,141,0,0
BRDA:613,141,1,0
BRDA:615,142,0,0
BRDA:615,142,1,0
BRDA:621,143,0,0
BRDA:621,143,1,0
BRDA:621,144,0,0
BRDA:621,144,1,0
BRDA:627,145,0,0
BRDA:627,145,1,0
BRDA:646,146,0,0
BRDA:646,146,1,0
BRDA:647,147,0,0
BRDA:647,147,1,0
BRDA:652,148,0,0
BRDA:652,148,1,0
BRDA:652,149,0,0
BRDA:652,149,1,0
BRDA:659,150,0,0
BRDA:659,150,1,0
BRDA:659,151,0,0
BRDA:659,151,1,0
BRDA:661,152,0,0
BRDA:661,152,1,0
BRDA:663,153,0,0
BRDA:663,153,1,0
BRDA:669,154,0,0
BRDA:669,154,1,0
BRDA:669,155,0,0
BRDA:669,155,1,0
BRDA:669,155,2,0
BRDA:674,156,0,0
BRDA:674,156,1,0
BRDA:723,157,0,0
BRDA:723,157,1,0
BRDA:727,158,0,0
BRDA:727,158,1,0
BRDA:739,159,0,0
BRDA:739,159,1,0
BRDA:741,160,0,0
BRDA:741,160,1,0
BRDA:758,161,0,1
BRDA:758,161,1,1
BRDA:765,162,0,1
BRDA:765,162,1,0
BRDA:778,163,0,1
BRDA:778,163,1,0
BRDA:781,164,0,5782
BRDA:781,164,1,0
BRDA:781,165,0,5782
BRDA:781,165,1,5782
BRDA:781,165,2,5782
BRDA:785,166,0,111
BRDA:785,166,1,5671
BRDA:787,167,0,29
BRDA:787,167,1,82
BRDA:792,168,0,2880
BRDA:792,168,1,2791
BRDA:799,169,0,6
BRDA:799,169,1,5776
BRDA:799,170,0,5782
BRDA:799,170,1,5782
BRDA:799,170,2,5782
BRDA:799,170,3,5782
BRDA:801,171,0,6
BRDA:801,171,1,0
BRDA:820,172,0,1
BRDA:820,172,1,1
BRDA:821,173,0,1
BRDA:821,173,1,1
BRDA:822,174,0,1
BRDA:822,174,1,1
BRDA:823,175,0,1
BRDA:823,175,1,1
BRDA:824,176,0,1
BRDA:824,176,1,0
BRDA:825,177,0,1
BRDA:825,177,1,1
BRDA:826,178,0,1
BRDA:826,178,1,0
BRDA:841,179,0,1
BRDA:841,179,1,1
BRDA:842,180,0,1
BRDA:842,180,1,1
BRDA:843,181,0,1
BRDA:843,181,1,1
BRDA:846,182,0,1
BRDA:846,182,1,1
BRDA:847,183,0,1
BRDA:847,183,1,1
BRDA:848,184,0,1
BRDA:848,184,1,1
BRDA:849,185,0,1
BRDA:849,185,1,1
BRDA:861,186,0,1
BRDA:861,186,1,1
BRDA:862,187,0,1
BRDA:862,187,1,1
BRDA:863,188,0,1
BRDA:863,188,1,1
BRDA:864,189,0,0
BRDA:864,189,1,1
BRDA:865,190,0,0
BRDA:865,190,1,1
BRDA:868,191,0,0
BRDA:868,191,1,1
BRDA:869,192,0,0
BRDA:869,192,1,1
BRDA:870,193,0,0
BRDA:870,193,1,1
BRDA:871,194,0,0
BRDA:871,194,1,1
BRDA:872,195,0,0
BRDA:872,195,1,1
BRDA:873,196,0,0
BRDA:873,196,1,1
BRDA:887,197,0,0
BRDA:887,197,1,0
BRDA:918,198,0,0
BRDA:918,198,1,0
BRDA:949,199,0,0
BRDA:949,199,1,0
BRDA:951,200,0,0
BRDA:951,200,1,0
BRDA:958,201,0,0
BRDA:958,201,1,0
BRDA:978,202,0,0
BRDA:978,202,1,0
BRDA:979,203,0,0
BRDA:979,203,1,0
BRDA:980,204,0,0
BRDA:980,204,1,0
BRDA:988,205,0,0
BRDA:988,205,1,0
BRDA:993,206,0,0
BRDA:993,206,1,0
BRDA:997,207,0,0
BRDA:997,207,1,0
BRDA:1001,208,0,0
BRDA:1001,208,1,0
BRDA:1001,209,0,0
BRDA:1001,209,1,0
BRF:438
BRH:61
end_of_record
TN:
SF:lib\cache-manager.js
FN:8,getCachedOrCompute
FNF:1
FNH:0
FNDA:0,getCachedOrCompute
DA:1,0
DA:2,0
DA:4,0
DA:6,0
DA:9,0
DA:12,0
DA:13,0
DA:14,0
DA:15,0
DA:16,0
DA:21,0
DA:22,0
DA:23,0
DA:24,0
DA:25,0
DA:26,0
DA:29,0
DA:30,0
DA:35,0
DA:36,0
DA:37,0
DA:42,0
DA:43,0
DA:44,0
DA:45,0
DA:47,0
DA:50,0
DA:53,0
LF:28
LH:0
BRDA:12,0,0,0
BRDA:12,0,1,0
BRDA:14,1,0,0
BRDA:14,1,1,0
BRDA:23,2,0,0
BRDA:23,2,1,0
BRDA:23,3,0,0
BRDA:23,3,1,0
BRDA:29,4,0,0
BRDA:29,4,1,0
BRF:10
BRH:0
end_of_record
TN:
SF:lib\databases.js
FN:11,getAirlineDatabase
FN:65,getAircraftTypesDatabase
FNF:2
FNH:1
FNDA:1,getAirlineDatabase
FNDA:0,getAircraftTypesDatabase
DA:2,1
DA:3,1
DA:4,1
DA:5,1
DA:7,1
DA:8,1
DA:9,1
DA:12,1
DA:13,1
DA:14,0
DA:17,1
DA:18,1
DA:19,1
DA:21,0
DA:22,0
DA:23,0
DA:26,0
DA:27,0
DA:28,0
DA:30,0
DA:35,0
DA:36,0
DA:39,0
DA:40,0
DA:41,0
DA:42,0
DA:44,1
DA:47,1
DA:48,1
DA:49,1
DA:50,1
DA:51,1
DA:52,1
DA:53,1
DA:54,1
DA:55,1
DA:58,0
DA:61,0
DA:66,0
DA:67,0
DA:68,0
DA:70,0
DA:71,0
DA:72,0
DA:73,0
DA:74,0
DA:75,0
DA:77,0
DA:78,0
DA:79,0
DA:81,0
DA:84,0
DA:85,0
DA:87,0
DA:88,0
DA:89,0
DA:90,0
DA:92,0
DA:93,0
DA:94,0
DA:98,1
LF:61
LH:23
BRDA:13,0,0,0
BRDA:13,0,1,1
BRDA:13,1,0,1
BRDA:13,1,1,0
BRDA:21,2,0,0
BRDA:21,2,1,0
BRDA:22,3,0,0
BRDA:22,3,1,0
BRDA:22,4,0,0
BRDA:22,4,1,0
BRDA:22,4,2,0
BRDA:28,5,0,0
BRDA:28,5,1,0
BRDA:28,6,0,0
BRDA:28,6,1,0
BRDA:35,7,0,0
BRDA:35,7,1,0
BRDA:35,8,0,0
BRDA:35,8,1,0
BRDA:39,9,0,0
BRDA:39,9,1,0
BRDA:49,10,0,1
BRDA:49,10,1,0
BRDA:61,11,0,0
BRDA:61,11,1,0
BRDA:67,12,0,0
BRDA:67,12,1,0
BRDA:67,13,0,0
BRDA:67,13,1,0
BRDA:73,14,0,0
BRDA:73,14,1,0
BRDA:74,15,0,0
BRDA:74,15,1,0
BRDA:74,16,0,0
BRDA:74,16,1,0
BRDA:74,16,2,0
BRDA:79,17,0,0
BRDA:79,17,1,0
BRDA:79,18,0,0
BRDA:79,18,1,0
BRDA:84,19,0,0
BRDA:84,19,1,0
BRDA:94,20,0,0
BRDA:94,20,1,0
BRF:44
BRH:3
end_of_record
TN:
SF:lib\gemini-agent.js
FN:17,extractSentences
FN:24,summarize
FN:49,(anonymous_2)
FNF:3
FNH:0
FNDA:0,extractSentences
FNDA:0,summarize
FNDA:0,(anonymous_2)
DA:1,0
DA:18,0
DA:20,0
DA:21,0
DA:25,0
DA:28,0
DA:29,0
DA:30,0
DA:31,0
DA:35,0
DA:43,0
DA:44,0
DA:45,0
DA:46,0
DA:48,0
DA:49,0
DA:51,0
DA:55,0
DA:60,0
DA:61,0
DA:62,0
DA:65,0
LF:22
LH:0
BRDA:18,0,0,0
BRDA:18,0,1,0
BRDA:24,1,0,0
BRDA:25,2,0,0
BRDA:25,2,1,0
BRDA:30,3,0,0
BRDA:30,3,1,0
BRDA:30,4,0,0
BRDA:30,4,1,0
BRDA:40,5,0,0
BRDA:40,5,1,0
BRDA:43,6,0,0
BRDA:43,6,1,0
BRDA:43,7,0,0
BRDA:43,7,1,0
BRDA:44,8,0,0
BRDA:44,8,1,0
BRDA:45,9,0,0
BRDA:45,9,1,0
BRDA:46,10,0,0
BRDA:46,10,1,0
BRDA:48,11,0,0
BRDA:48,11,1,0
BRDA:48,12,0,0
BRDA:48,12,1,0
BRDA:49,13,0,0
BRDA:49,13,1,0
BRDA:49,13,2,0
BRDA:55,14,0,0
BRDA:55,14,1,0
BRDA:55,15,0,0
BRDA:55,15,1,0
BRDA:61,16,0,0
BRDA:61,16,1,0
BRF:34
BRH:0
end_of_record
TN:
SF:lib\logger.js
FN:5,debug
FN:12,info
FN:16,warn
FN:20,error
FN:25,logW3C
FN:29,(anonymous_5)
FNF:6
FNH:6
FNDA:2,debug
FNDA:16,info
FNDA:1,warn
FNDA:2,error
FNDA:1,logW3C
FNDA:1,(anonymous_5)
DA:1,5
DA:3,5
DA:6,2
DA:7,1
DA:8,0
DA:13,16
DA:17,1
DA:21,2
DA:26,1
DA:29,1
DA:30,1
DA:31,1
DA:32,1
DA:33,1
DA:35,1
DA:38,1
DA:57,1
DA:58,1
DA:61,1
DA:64,5
LF:20
LH:19
BRDA:3,0,0,5
BRDA:3,0,1,1
BRDA:3,0,2,1
BRDA:6,1,0,1
BRDA:6,1,1,1
BRDA:7,2,0,1
BRDA:7,2,1,0
BRDA:41,3,0,1
BRDA:41,3,1,0
BRDA:41,3,2,0
BRDA:43,4,0,1
BRDA:43,4,1,0
BRDA:44,5,0,0
BRDA:44,5,1,1
BRDA:44,6,0,1
BRDA:44,6,1,1
BRDA:46,7,0,1
BRDA:46,7,1,0
BRDA:47,8,0,1
BRDA:47,8,1,0
BRDA:48,9,0,1
BRDA:48,9,1,0
BRDA:52,10,0,1
BRDA:52,10,1,0
BRDA:53,11,0,1
BRDA:53,11,1,0
BRF:26
BRH:16
end_of_record
TN:
SF:lib\position-cache.js
FN:10,(anonymous_0)
FN:38,(anonymous_1)
FN:62,(anonymous_2)
FN:63,(anonymous_3)
FN:110,(anonymous_4)
FN:161,(anonymous_5)
FN:171,(anonymous_6)
FN:178,(anonymous_7)
FN:180,(anonymous_8)
FN:186,(anonymous_9)
FN:187,(anonymous_10)
FN:196,(anonymous_11)
FN:198,(anonymous_12)
FN:231,(anonymous_13)
FN:232,(anonymous_14)
FN:243,(anonymous_15)
FN:249,(anonymous_16)
FN:256,(anonymous_17)
FNF:18
FNH:0
FNDA:0,(anonymous_0)
FNDA:0,(anonymous_1)
FNDA:0,(anonymous_2)
FNDA:0,(anonymous_3)
FNDA:0,(anonymous_4)
FNDA:0,(anonymous_5)
FNDA:0,(anonymous_6)
FNDA:0,(anonymous_7)
FNDA:0,(anonymous_8)
FNDA:0,(anonymous_9)
FNDA:0,(anonymous_10)
FNDA:0,(anonymous_11)
FNDA:0,(anonymous_12)
FNDA:0,(anonymous_13)
FNDA:0,(anonymous_14)
FNDA:0,(anonymous_15)
FNDA:0,(anonymous_16)
FNDA:0,(anonymous_17)
DA:1,0
DA:2,0
DA:11,0
DA:12,0
DA:13,0
DA:16,0
DA:17,0
DA:20,0
DA:21,0
DA:22,0
DA:23,0
DA:26,0
DA:29,0
DA:32,0
DA:39,0
DA:40,0
DA:41,0
DA:44,0
DA:45,0
DA:47,0
DA:48,0
DA:49,0
DA:51,0
DA:53,0
DA:56,0
DA:57,0
DA:59,0
DA:61,0
DA:62,0
DA:63,0
DA:65,0
DA:67,0
DA:68,0
DA:69,0
DA:71,0
DA:72,0
DA:74,0
DA:75,0
DA:78,0
DA:79,0
DA:80,0
DA:81,0
DA:82,0
DA:86,0
DA:88,0
DA:101,0
DA:105,0
DA:110,0
DA:113,0
DA:114,0
DA:115,0
DA:116,0
DA:117,0
DA:118,0
DA:119,0
DA:124,0
DA:125,0
DA:126,0
DA:127,0
DA:129,0
DA:132,0
DA:133,0
DA:135,0
DA:136,0
DA:139,0
DA:140,0
DA:141,0
DA:142,0
DA:143,0
DA:145,0
DA:149,0
DA:151,0
DA:152,0
DA:154,0
DA:162,0
DA:163,0
DA:165,0
DA:172,0
DA:179,0
DA:180,0
DA:187,0
DA:188,0
DA:197,0
DA:198,0
DA:199,0
DA:202,0
DA:203,0
DA:204,0
DA:205,0
DA:206,0
DA:207,0
DA:209,0
DA:210,0
DA:211,0
DA:216,0
DA:232,0
DA:233,0
DA:234,0
DA:235,0
DA:236,0
DA:238,0
DA:243,0
DA:250,0
DA:257,0
DA:258,0
DA:259,0
DA:263,0
LF:107
LH:0
BRDA:10,0,0,0
BRDA:10,1,0,0
BRDA:12,2,0,0
BRDA:12,2,1,0
BRDA:13,3,0,0
BRDA:13,3,1,0
BRDA:29,4,0,0
BRDA:29,4,1,0
BRDA:39,5,0,0
BRDA:39,5,1,0
BRDA:61,6,0,0
BRDA:61,6,1,0
BRDA:62,7,0,0
BRDA:62,7,1,0
BRDA:71,8,0,0
BRDA:71,8,1,0
BRDA:71,9,0,0
BRDA:71,9,1,0
BRDA:72,10,0,0
BRDA:72,10,1,0
BRDA:72,11,0,0
BRDA:72,11,1,0
BRDA:75,12,0,0
BRDA:75,12,1,0
BRDA:75,13,0,0
BRDA:75,13,1,0
BRDA:75,13,2,0
BRDA:75,13,3,0
BRDA:79,14,0,0
BRDA:79,14,1,0
BRDA:81,15,0,0
BRDA:81,15,1,0
BRDA:86,16,0,0
BRDA:86,16,1,0
BRDA:89,17,0,0
BRDA:89,17,1,0
BRDA:90,18,0,0
BRDA:90,18,1,0
BRDA:90,18,2,0
BRDA:93,19,0,0
BRDA:93,19,1,0
BRDA:93,19,2,0
BRDA:94,20,0,0
BRDA:94,20,1,0
BRDA:94,20,2,0
BRDA:96,21,0,0
BRDA:96,21,1,0
BRDA:97,22,0,0
BRDA:97,22,1,0
BRDA:117,23,0,0
BRDA:117,23,1,0
BRDA:126,24,0,0
BRDA:126,24,1,0
BRDA:139,25,0,0
BRDA:139,25,1,0
BRDA:139,26,0,0
BRDA:139,26,1,0
BRDA:161,27,0,0
BRDA:162,28,0,0
BRDA:162,28,1,0
BRDA:172,29,0,0
BRDA:172,29,1,0
BRDA:188,30,0,0
BRDA:188,30,1,0
BRDA:188,30,2,0
BRDA:188,30,3,0
BRDA:199,31,0,0
BRDA:199,31,1,0
BRDA:205,32,0,0
BRDA:205,32,1,0
BRDA:205,33,0,0
BRDA:205,33,1,0
BRDA:209,34,0,0
BRDA:209,34,1,0
BRDA:209,35,0,0
BRDA:209,35,1,0
BRF:76
BRH:0
end_of_record
TN:
SF:lib\registration.js
FN:5,registration_from_hexid
FNF:1
FNH:1
FNDA:7,registration_from_hexid
DA:6,7
DA:9,4
DA:10,4
DA:11,3
DA:13,1
DA:16,1
LF:6
LH:6
BRDA:6,0,0,3
BRDA:6,0,1,4
BRDA:10,1,0,3
BRDA:10,1,1,1
BRDA:10,2,0,4
BRDA:10,2,1,3
BRF:6
BRH:6
end_of_record
TN:
SF:lib\s3-helpers.js
FN:3,listS3Files
FN:38,downloadAndParseS3File
FN:82,streamToString
FN:83,(anonymous_3)
FN:85,(anonymous_4)
FN:87,(anonymous_5)
FN:91,uploadJsonToS3
FNF:7
FNH:2
FNDA:1,listS3Files
FNDA:1,downloadAndParseS3File
FNDA:0,streamToString
FNDA:0,(anonymous_3)
FNDA:0,(anonymous_4)
FNDA:0,(anonymous_5)
FNDA:0,uploadJsonToS3
DA:1,1
DA:4,1
DA:5,1
DA:6,1
DA:7,1
DA:9,1
DA:10,1
DA:16,1
DA:17,1
DA:19,1
DA:20,0
DA:23,0
DA:26,0
DA:27,0
DA:28,0
DA:32,0
DA:33,0
DA:35,0
DA:39,1
DA:40,1
DA:41,1
DA:42,1
DA:44,0
DA:45,0
DA:46,0
DA:50,0
DA:51,0
DA:52,0
DA:53,0
DA:60,0
DA:61,0
DA:62,0
DA:63,0
DA:64,0
DA:71,0
DA:75,1
DA:76,1
DA:78,1
DA:83,0
DA:84,0
DA:85,0
DA:86,0
DA:87,0
DA:92,0
DA:93,0
DA:99,0
DA:102,1
LF:47
LH:18
BRDA:3,0,0,0
BRDA:3,1,0,0
BRDA:3,2,0,1
BRDA:19,3,0,0
BRDA:19,3,1,0
BRDA:26,4,0,0
BRDA:26,4,1,0
BRDA:26,5,0,0
BRDA:26,5,1,0
BRDA:44,6,0,0
BRDA:44,6,1,0
BRDA:44,7,0,0
BRDA:44,7,1,0
BRDA:52,8,0,0
BRDA:52,8,1,0
BRDA:52,9,0,0
BRDA:52,9,1,0
BRDA:62,10,0,0
BRDA:62,10,1,0
BRDA:75,11,0,1
BRDA:75,11,1,0
BRF:21
BRH:2
end_of_record
